# JRE version: Java(TM) SE Runtime Environment (17.0.9+11) (build 17.0.9+11-LTS-201)
# Java VM: Java HotSpot(TM) 64-Bit Server VM (17.0.9+11-LTS-201, mixed mode, emulated-client, sharing, tiered, compressed oops, compressed class ptrs, g1 gc, windows-amd64)
GC Precious Log:
 CPUs: 20 total, 20 available
 Memory: 16072M
 Large Page Support: Disabled
 NUMA Support: Disabled
 Compressed Oops: Enabled (Zero based)
 Heap Region Size: 2M
 Heap Min Capacity: 8M
 Heap Initial Capacity: 252M
 Heap Max Capacity: 4020M
 Pre-touch: Disabled
 Parallel Workers: 15
 Concurrent Workers: 4
 Concurrent Refinement Workers: 15
 Periodic GC: Disabled
Heap:
 garbage-first heap   total 75776K, used 39956K [0x0000000704c00000, 0x0000000800000000)
  region size 2048K, 5 young (10240K), 2 survivors (4096K)
 Metaspace       used 71470K, committed 72128K, reserved 1114112K
  class space    used 9841K, committed 10176K, reserved 1048576K
GC Heap History (20 events):
Event: 4.071 GC heap before
{Heap before GC invocations=15 (full 0):
 garbage-first heap   total 75776K, used 57500K [0x0000000704c00000, 0x0000000800000000)
  region size 2048K, 18 young (36864K), 2 survivors (4096K)
 Metaspace       used 64088K, committed 64704K, reserved 1114112K
  class space    used 8875K, committed 9152K, reserved 1048576K
}
Event: 4.073 GC heap after
{Heap after GC invocations=16 (full 0):
 garbage-first heap   total 75776K, used 27263K [0x0000000704c00000, 0x0000000800000000)
  region size 2048K, 3 young (6144K), 3 survivors (6144K)
 Metaspace       used 64088K, committed 64704K, reserved 1114112K
  class space    used 8875K, committed 9152K, reserved 1048576K
}
Event: 16.856 GC heap before
{Heap before GC invocations=16 (full 0):
 garbage-first heap   total 75776K, used 55935K [0x0000000704c00000, 0x0000000800000000)
  region size 2048K, 18 young (36864K), 3 survivors (6144K)
 Metaspace       used 69223K, committed 69760K, reserved 1114112K
  class space    used 9557K, committed 9792K, reserved 1048576K
}
Event: 16.859 GC heap after
{Heap after GC invocations=17 (full 0):
 garbage-first heap   total 75776K, used 29479K [0x0000000704c00000, 0x0000000800000000)
  region size 2048K, 3 young (6144K), 3 survivors (6144K)
 Metaspace       used 69223K, committed 69760K, reserved 1114112K
  class space    used 9557K, committed 9792K, reserved 1048576K
}
Event: 2096.417 GC heap before
{Heap before GC invocations=17 (full 0):
 garbage-first heap   total 75776K, used 56103K [0x0000000704c00000, 0x0000000800000000)
  region size 2048K, 17 young (34816K), 3 survivors (6144K)
 Metaspace       used 71469K, committed 72128K, reserved 1114112K
  class space    used 9841K, committed 10176K, reserved 1048576K
}
Event: 2096.427 GC heap after
{Heap after GC invocations=18 (full 0):
 garbage-first heap   total 75776K, used 31644K [0x0000000704c00000, 0x0000000800000000)
  region size 2048K, 3 young (6144K), 3 survivors (6144K)
 Metaspace       used 71469K, committed 72128K, reserved 1114112K
  class space    used 9841K, committed 10176K, reserved 1048576K
}
Event: 4644.989 GC heap before
{Heap before GC invocations=18 (full 0):
 garbage-first heap   total 75776K, used 54172K [0x0000000704c00000, 0x0000000800000000)
  region size 2048K, 15 young (30720K), 3 survivors (6144K)
 Metaspace       used 71469K, committed 72128K, reserved 1114112K
  class space    used 9841K, committed 10176K, reserved 1048576K
}
Event: 4644.996 GC heap after
{Heap after GC invocations=19 (full 0):
 garbage-first heap   total 75776K, used 32444K [0x0000000704c00000, 0x0000000800000000)
  region size 2048K, 2 young (4096K), 2 survivors (4096K)
 Metaspace       used 71469K, committed 72128K, reserved 1114112K
  class space    used 9841K, committed 10176K, reserved 1048576K
}
Event: 7022.474 GC heap before
{Heap before GC invocations=19 (full 0):
 garbage-first heap   total 75776K, used 54972K [0x0000000704c00000, 0x0000000800000000)
  region size 2048K, 14 young (28672K), 2 survivors (4096K)
 Metaspace       used 71469K, committed 72128K, reserved 1114112K
  class space    used 9841K, committed 10176K, reserved 1048576K
}
Event: 7022.479 GC heap after
{Heap after GC invocations=20 (full 0):
 garbage-first heap   total 75776K, used 33550K [0x0000000704c00000, 0x0000000800000000)
  region size 2048K, 2 young (4096K), 2 survivors (4096K)
 Metaspace       used 71469K, committed 72128K, reserved 1114112K
  class space    used 9841K, committed 10176K, reserved 1048576K
}
Event: 9556.623 GC heap before
{Heap before GC invocations=20 (full 0):
 garbage-first heap   total 75776K, used 58126K [0x0000000704c00000, 0x0000000800000000)
  region size 2048K, 14 young (28672K), 2 survivors (4096K)
 Metaspace       used 71469K, committed 72128K, reserved 1114112K
  class space    used 9841K, committed 10176K, reserved 1048576K
}
Event: 9556.627 GC heap after
{Heap after GC invocations=21 (full 0):
 garbage-first heap   total 75776K, used 33368K [0x0000000704c00000, 0x0000000800000000)
  region size 2048K, 2 young (4096K), 2 survivors (4096K)
 Metaspace       used 71469K, committed 72128K, reserved 1114112K
  class space    used 9841K, committed 10176K, reserved 1048576K
}
Event: 11822.032 GC heap before
{Heap before GC invocations=21 (full 0):
 garbage-first heap   total 75776K, used 55896K [0x0000000704c00000, 0x0000000800000000)
  region size 2048K, 14 young (28672K), 2 survivors (4096K)
 Metaspace       used 71469K, committed 72128K, reserved 1114112K
  class space    used 9841K, committed 10176K, reserved 1048576K
}
Event: 11822.036 GC heap after
{Heap after GC invocations=22 (full 0):
 garbage-first heap   total 75776K, used 34891K [0x0000000704c00000, 0x0000000800000000)
  region size 2048K, 2 young (4096K), 2 survivors (4096K)
 Metaspace       used 71469K, committed 72128K, reserved 1114112K
  class space    used 9841K, committed 10176K, reserved 1048576K
}
Event: 14083.688 GC heap before
{Heap before GC invocations=22 (full 0):
 garbage-first heap   total 75776K, used 55371K [0x0000000704c00000, 0x0000000800000000)
  region size 2048K, 13 young (26624K), 2 survivors (4096K)
 Metaspace       used 71469K, committed 72128K, reserved 1114112K
  class space    used 9841K, committed 10176K, reserved 1048576K
}
Event: 14083.692 GC heap after
{Heap after GC invocations=23 (full 0):
 garbage-first heap   total 75776K, used 34568K [0x0000000704c00000, 0x0000000800000000)
  region size 2048K, 1 young (2048K), 1 survivors (2048K)
 Metaspace       used 71469K, committed 72128K, reserved 1114112K
  class space    used 9841K, committed 10176K, reserved 1048576K
}
Event: 16444.126 GC heap before
{Heap before GC invocations=23 (full 0):
 garbage-first heap   total 75776K, used 57096K [0x0000000704c00000, 0x0000000800000000)
  region size 2048K, 13 young (26624K), 1 survivors (2048K)
 Metaspace       used 71469K, committed 72128K, reserved 1114112K
  class space    used 9841K, committed 10176K, reserved 1048576K
}
Event: 16444.134 GC heap after
{Heap after GC invocations=24 (full 0):
 garbage-first heap   total 75776K, used 35898K [0x0000000704c00000, 0x0000000800000000)
  region size 2048K, 2 young (4096K), 2 survivors (4096K)
 Metaspace       used 71469K, committed 72128K, reserved 1114112K
  class space    used 9841K, committed 10176K, reserved 1048576K
}
Event: 18677.207 GC heap before
{Heap before GC invocations=24 (full 0):
 garbage-first heap   total 75776K, used 58426K [0x0000000704c00000, 0x0000000800000000)
  region size 2048K, 14 young (28672K), 2 survivors (4096K)
 Metaspace       used 71470K, committed 72128K, reserved 1114112K
  class space    used 9841K, committed 10176K, reserved 1048576K
}
Event: 18677.223 GC heap after
{Heap after GC invocations=25 (full 0):
 garbage-first heap   total 75776K, used 35860K [0x0000000704c00000, 0x0000000800000000)
  region size 2048K, 2 young (4096K), 2 survivors (4096K)
 Metaspace       used 71470K, committed 72128K, reserved 1114112K
  class space    used 9841K, committed 10176K, reserved 1048576K
}

